#
# There is insufficient memory for the Java Runtime Environment to continue.
# Native memory allocation (malloc) failed to allocate 1310336 bytes for Chunk::new
# Possible reasons:
#   The system is out of physical RAM or swap space
#   In 32 bit mode, the process size limit was hit
# Possible solutions:
#   Reduce memory load on the system
#   Increase physical memory or swap space
#   Check if swap backing store is full
#   Use 64 bit Java on a 64 bit OS
#   Decrease Java heap size (-Xmx/-Xms)
#   Decrease number of Java threads
#   Decrease Java thread stack sizes (-Xss)
#   Set larger code cache with -XX:ReservedCodeCacheSize=
# This output file may be truncated or incomplete.
#
#  Out of Memory Error (allocation.cpp:390), pid=10208, tid=7508
#
# JRE version: Java(TM) SE Runtime Environment (8.0_91-b14) (build 1.8.0_91-b14)
# Java VM: Java HotSpot(TM) 64-Bit Server VM (25.91-b14 mixed mode windows-amd64 compressed oops)
# Failed to write core dump. Minidumps are not enabled by default on client versions of Windows
#

---------------  T H R E A D  ---------------

Current thread (0x0000000017999000):  JavaThread "C2 CompilerThread0" daemon [_thread_in_native, id=7508, stack(0x0000000018170000,0x0000000018270000)]

Stack: [0x0000000018170000,0x0000000018270000]
[error occurred during error reporting (printing stack bounds), id 0xc0000005]

Native frames: (J=compiled Java code, j=interpreted, Vv=VM code, C=native code)


Current CompileTask:
C2:    494  739   !   4       com.android.dx.cf.code.BytecodeArray::parseInstruction (2764 bytes)


---------------  P R O C E S S  ---------------

Java Threads: ( => current thread )
  0x0000000017a38000 JavaThread "Service Thread" daemon [_thread_blocked, id=1296, stack(0x0000000018570000,0x0000000018670000)]
  0x00000000179c2000 JavaThread "C1 CompilerThread3" daemon [_thread_blocked, id=8560, stack(0x0000000018470000,0x0000000018570000)]
  0x00000000179a7800 JavaThread "C2 CompilerThread2" daemon [_thread_blocked, id=3624, stack(0x0000000018370000,0x0000000018470000)]
  0x00000000179a0000 JavaThread "C2 CompilerThread1" daemon [_thread_blocked, id=6420, stack(0x0000000018270000,0x0000000018370000)]
=>0x0000000017999000 JavaThread "C2 CompilerThread0" daemon [_thread_in_native, id=7508, stack(0x0000000018170000,0x0000000018270000)]
  0x0000000017997800 JavaThread "Attach Listener" daemon [_thread_blocked, id=9952, stack(0x0000000018070000,0x0000000018170000)]
  0x0000000017994000 JavaThread "Signal Dispatcher" daemon [_thread_blocked, id=2640, stack(0x0000000017f70000,0x0000000018070000)]
  0x0000000002f8e800 JavaThread "Finalizer" daemon [_thread_blocked, id=9808, stack(0x0000000017d70000,0x0000000017e70000)]
  0x0000000002f85000 JavaThread "Reference Handler" daemon [_thread_blocked, id=2664, stack(0x0000000017870000,0x0000000017970000)]
  0x0000000002b8d800 JavaThread "main" [_thread_in_Java, id=2400, stack(0x0000000002c90000,0x0000000002d90000)]

Other Threads:
  0x0000000015aa9800 VMThread [stack: 0x0000000017770000,0x0000000017870000] [id=6776]
  0x0000000017a6c000 WatcherThread [stack: 0x0000000018670000,0x0000000018770000] [id=6568]

VM state:not at safepoint (normal execution)

VM Mutex/Monitor currently owned by a thread: None

Heap:
 PSYoungGen      total 38400K, used 12924K [0x00000000eab00000, 0x00000000ed580000, 0x0000000100000000)
  eden space 33280K, 38% used [0x00000000eab00000,0x00000000eb79f2a8,0x00000000ecb80000)
  from space 5120K, 0% used [0x00000000ed080000,0x00000000ed080000,0x00000000ed580000)
  to   space 5120K, 0% used [0x00000000ecb80000,0x00000000ecb80000,0x00000000ed080000)
 ParOldGen       total 87552K, used 0K [0x00000000c0000000, 0x00000000c5580000, 0x00000000eab00000)
  object space 87552K, 0% used [0x00000000c0000000,0x00000000c0000000,0x00000000c5580000)
 Metaspace       used 5274K, capacity 6704K, committed 6784K, reserved 1056768K
  class space    used 538K, capacity 616K, committed 640K, reserved 1048576K

Card table byte_map: [0x0000000012350000,0x0000000012560000] byte_map_base: 0x0000000011d50000

Marking Bits: (ParMarkBitMap*) 0x0000000072fe2f70
 Begin Bits: [0x0000000012ec0000, 0x0000000013ec0000)
 End Bits:   [0x0000000013ec0000, 0x0000000014ec0000)

Polling page: 0x0000000002c50000

CodeCache: size=245760Kb used=3462Kb max_used=3462Kb free=242297Kb
 bounds [0x0000000002f90000, 0x0000000003300000, 0x0000000011f90000]
 total_blobs=1049 nmethods=792 adapters=170
 compilation: enabled

Compilation events (10 events):
Event: 0.488 Thread 0x00000000179a0000  789       4       com.android.dx.util.MutabilityControl::throwIfMutable (18 bytes)
Event: 0.488 Thread 0x00000000179c2000 nmethod 784 0x00000000032d0450 code [0x00000000032d05c0, 0x00000000032d0988]
Event: 0.488 Thread 0x00000000179c2000  786       3       com.android.dx.rop.code.RegisterSpec::getBasicFrameType (10 bytes)
Event: 0.488 Thread 0x00000000179c2000 nmethod 786 0x00000000032e8e10 code [0x00000000032e8f80, 0x00000000032e91a8]
Event: 0.488 Thread 0x00000000179c2000  787       3       com.android.dx.rop.type.Prototype::withFirstParameter (68 bytes)
Event: 0.488 Thread 0x00000000179a0000 nmethod 789 0x00000000032e8bd0 code [0x00000000032e8d00, 0x00000000032e8d78]
Event: 0.489 Thread 0x00000000179c2000 nmethod 787 0x00000000032ecdd0 code [0x00000000032ed000, 0x00000000032edc18]
Event: 0.489 Thread 0x00000000179c2000  788       3       com.android.dx.rop.cst.CstKnownNull::getType (4 bytes)
Event: 0.489 Thread 0x00000000179c2000 nmethod 788 0x00000000032e8890 code [0x00000000032e89e0, 0x00000000032e8b30]
Event: 0.489 Thread 0x00000000179c2000  777       3       com.android.dx.cf.code.Simulator$SimVisitor::visitLocal (329 bytes)

GC Heap History (0 events):
No events

Deoptimization events (1 events):
Event: 0.329 Thread 0x0000000002b8d800 Uncommon trap: reason=unstable_if action=reinterpret pc=0x000000000315f194 method=java.util.HashMap.getNode(ILjava/lang/Object;)Ljava/util/HashMap$Node; @ 129

Internal exceptions (2 events):
Event: 0.028 Thread 0x0000000002b8d800 Exception <a 'java/lang/NoSuchMethodError': Method sun.misc.Unsafe.defineClass(Ljava/lang/String;[BII)Ljava/lang/Class; name or signature does not match> (0x00000000eab07cc0) thrown at [C:\re\workspace\8-2-build-windows-amd64-cygwin\jdk8u91\6644\hotspot\sr«['IJ†œ?
Event: 0.028 Thread 0x0000000002b8d800 Exception <a 'java/lang/NoSuchMethodError': Method sun.misc.Unsafe.prefetchRead(Ljava/lang/Object;J)V name or signature does not match> (0x00000000eab07fa8) thrown at [C:\re\workspace\8-2-build-windows-amd64-cygwin\jdk8u91\6644\hotspot\src\share\vm\prims\j

Events (10 events):
Event: 0.483 Thread 0x0000000002b8d800 DEOPT PACKING pc=0x00000000031942e2 sp=0x0000000002d8e630
Event: 0.483 Thread 0x0000000002b8d800 DEOPT UNPACKING pc=0x0000000002fd787f sp=0x0000000002d8e3a8 mode 0
Event: 0.483 Thread 0x0000000002b8d800 DEOPT PACKING pc=0x00000000032a453a sp=0x0000000002d8e6c0
Event: 0.483 Thread 0x0000000002b8d800 DEOPT UNPACKING pc=0x0000000002fd787f sp=0x0000000002d8e428 mode 0
Event: 0.484 Thread 0x0000000002b8d800 DEOPT PACKING pc=0x00000000032a453a sp=0x0000000002d8e6c0
Event: 0.484 Thread 0x0000000002b8d800 DEOPT UNPACKING pc=0x0000000002fd787f sp=0x0000000002d8e428 mode 0
Event: 0.485 Thread 0x0000000002b8d800 DEOPT PACKING pc=0x00000000032a453a sp=0x0000000002d8e6c0
Event: 0.485 Thread 0x0000000002b8d800 DEOPT UNPACKING pc=0x0000000002fd787f sp=0x0000000002d8e428 mode 0
Event: 0.487 Thread 0x0000000002b8d800 DEOPT PACKING pc=0x00000000032a453a sp=0x0000000002d8e6c0
Event: 0.487 Thread 0x0000000002b8d800 DEOPT UNPACKING pc=0x0000000002fd787f sp=0x0000000002d8e428 mode 0


Dynamic libraries:
0x00007ff609a70000 - 0x00007ff609aa7000 	C:\Program Files\Java\jdk1.8.0_91\bin\java.exe
0x00007ffa122f0000 - 0x00007ffa1249d000 	C:\Windows\SYSTEM32\ntdll.dll
0x00007ffa0fe00000 - 0x00007ffa0ff3e000 	C:\Windows\system32\KERNEL32.DLL
0x00007ffa0f7d0000 - 0x00007ffa0f8e5000 	C:\Windows\system32\KERNELBASE.dll
0x00007ffa0deb0000 - 0x00007ffa0df3e000 	C:\Windows\system32\apphelp.dll
0x00007ffa01dd0000 - 0x00007ffa01e23000 	C:\Windows\AppPatch\AppPatch64\AcGenral.DLL
0x00007ffa0ff40000 - 0x00007ffa0ffea000 	C:\Windows\system32\msvcrt.dll
0x00007ffa0f950000 - 0x00007ffa0f97e000 	C:\Windows\system32\SspiCli.dll
0x00007ffa12180000 - 0x00007ffa121d4000 	C:\Windows\system32\SHLWAPI.dll
0x00007ffa0f990000 - 0x00007ffa0fb07000 	C:\Windows\system32\USER32.dll
0x00007ffa10240000 - 0x00007ffa103d4000 	C:\Windows\system32\ole32.dll
0x00007ffa105f0000 - 0x00007ffa11b19000 	C:\Windows\system32\SHELL32.dll
0x00007ffa0e8b0000 - 0x00007ffa0e8d1000 	C:\Windows\SYSTEM32\USERENV.dll
0x00007ffa121e0000 - 0x00007ffa1228a000 	C:\Windows\system32\ADVAPI32.dll
0x00007ffa05a10000 - 0x00007ffa05a2e000 	C:\Windows\SYSTEM32\MPR.dll
0x00007ffa11d40000 - 0x00007ffa11e80000 	C:\Windows\system32\RPCRT4.dll
0x00007ffa11ec0000 - 0x00007ffa11f19000 	C:\Windows\SYSTEM32\sechost.dll
0x00007ffa0fbd0000 - 0x00007ffa0fde1000 	C:\Windows\SYSTEM32\combase.dll
0x00007ffa11b20000 - 0x00007ffa11c6f000 	C:\Windows\system32\GDI32.dll
0x00007ffa0f410000 - 0x00007ffa0f425000 	C:\Windows\SYSTEM32\profapi.dll
0x00007ffa0d860000 - 0x00007ffa0d912000 	C:\Windows\SYSTEM32\SHCORE.dll
0x00007ffa11e80000 - 0x00007ffa11eb6000 	C:\Windows\system32\IMM32.DLL
0x00007ffa11f20000 - 0x00007ffa12072000 	C:\Windows\system32\MSCTF.dll
0x00007ffa0d3e0000 - 0x00007ffa0d65b000 	C:\Windows\WinSxS\amd64_microsoft.windows.common-controls_6595b64144ccf1df_6.0.9600.18006_none_623f33d3ecbe86e8\COMCTL32.dll
0x00007ffa0f140000 - 0x00007ffa0f20a000 	C:\Windows\system32\guard64.dll
0x00007ffa12170000 - 0x00007ffa12177000 	C:\Windows\system32\PSAPI.DLL
0x00007ffa0f120000 - 0x00007ffa0f12a000 	C:\Windows\system32\version.dll
0x00007ffa0f110000 - 0x00007ffa0f11a000 	C:\Windows\system32\fltlib.dll
0x00007ffa0f0d0000 - 0x00007ffa0f102000 	C:\Windows\SYSTEM32\ntmarta.dll
0x0000000072310000 - 0x00000000723e2000 	C:\Program Files\Java\jdk1.8.0_91\jre\bin\msvcr100.dll
0x00000000727d0000 - 0x0000000073063000 	C:\Program Files\Java\jdk1.8.0_91\jre\bin\server\jvm.dll
0x00007ffa09060000 - 0x00007ffa09069000 	C:\Windows\SYSTEM32\WSOCK32.dll
0x00007ffa0c670000 - 0x00007ffa0c692000 	C:\Windows\SYSTEM32\WINMM.dll
0x0000000002b90000 - 0x0000000002bea000 	C:\Windows\system32\WS2_32.dll
0x00007ffa0c540000 - 0x00007ffa0c56a000 	C:\Windows\SYSTEM32\WINMMBASE.dll
0x0000000002bf0000 - 0x0000000002bf9000 	C:\Windows\system32\NSI.dll
0x0000000002c00000 - 0x0000000002c4f000 	C:\Windows\SYSTEM32\cfgmgr32.dll
0x00007ffa0e120000 - 0x00007ffa0e148000 	C:\Windows\SYSTEM32\DEVOBJ.dll
0x00000000727c0000 - 0x00000000727cf000 	C:\Program Files\Java\jdk1.8.0_91\jre\bin\verify.dll
0x0000000072790000 - 0x00000000727b9000 	C:\Program Files\Java\jdk1.8.0_91\jre\bin\java.dll
0x0000000072770000 - 0x0000000072786000 	C:\Program Files\Java\jdk1.8.0_91\jre\bin\zip.dll

VM Arguments:
jvm_args: -Djava.awt.headless=true -Xmx1024M -Dfile.encoding=windows-1252 -Duser.country=IT -Duser.language=it -Duser.variant 
java_command: com.android.dx.command.Main --dex --force-jumbo --multi-dex --output D:\Desktop\MobileApplications\VanzoApp\robot_interface-bluetooth-communication\app\build\intermediates\transforms\dex\debug\folders\1000\5\slice_9 D:\Desktop\MobileApplications\VanzoApp\robot_interface-bluetooth-communication\app\build\intermediates\transforms\instantRunSlicer\debug\folders\1\5\slice_9
java_class_path (initial): C:\Users\Fede\AppData\Local\Android\sdk\build-tools\22.0.1\lib\dx.jar
Launcher Type: SUN_STANDARD

Environment Variables:
PATH=C:\Program Files (x86)\Python2.7\;C:\Program Files (x86)\Python2.7\Scripts;C:\ProgramData\Oracle\Java\javapath;C:\Program Files (x86)\Intel\iCLS Client\;C:\Program Files\Intel\iCLS Client\;C:\Program Files (x86)\NVIDIA Corporation\PhysX\Common;C:\Windows\system32;C:\Windows;C:\Windows\System32\Wbem;C:\Windows\System32\WindowsPowerShell\v1.0\;C:\Program Files\Intel\Intel(R) Management Engine Components\DAL;C:\Program Files\Intel\Intel(R) Management Engine Components\IPT;C:\Program Files (x86)\Intel\Intel(R) Management Engine Components\DAL;C:\Program Files (x86)\Intel\Intel(R) Management Engine Components\IPT;C:\Program Files\MATLAB\MATLAB Production Server\R2015a\runtime\win64;C:\Program Files\MATLAB\MATLAB Production Server\R2015a\bin;C:\Program Files\MATLAB\MATLAB Production Server\R2015a\polyspace\bin;C:\Program Files\Microsoft SQL Server\110\Tools\Binn\;C:\Program Files (x86)\Microsoft SDKs\TypeScript\1.0\;C:\Program Files\Microsoft SQL Server\120\Tools\Binn\;C:\Users\Fede\.dnx\bin;C:\Program Files\Microsoft DNX\Dnvm\;C:\Program Files (x86)\Windows Kits\8.1\Windows Performance Toolkit\;C:\Program Files (x86)\Microsoft SQL Server\90\Tools\binn\;C:\Program Files (x86)\MiKTeX 2.9\miktex\bin\;C:\Program Files (x86)\Skype\Phone\
USERNAME=Fede
OS=Windows_NT
PROCESSOR_IDENTIFIER=Intel64 Family 6 Model 60 Stepping 3, GenuineIntel



---------------  S Y S T E M  ---------------

OS: Windows 8.1 , 64 bit Build 9600 (6.3.9600.17415)

CPU:total 8 (4 cores per cpu, 2 threads per core) family 6 model 60 stepping 3, cmov, cx8, fxsr, mmx, sse, sse2, sse3, ssse3, sse4.1, sse4.2, popcnt, avx, avx2, aes, clmul, erms, lzcnt, ht, tsc, tscinvbit, bmi1, bmi2

Memory: 4k page, physical 8268936k(1919640k free), swap 9317512k(6216k free)

vm_info: Java HotSpot(TM) 64-Bit Server VM (25.91-b14) for windows-amd64 JRE (1.8.0_91-b14), built on Apr  1 2016 00:58:32 by "java_re" with MS VC++ 10.0 (VS2010)

time: Sun Aug 21 16:01:04 2016
elapsed time: 0 seconds (0d 0h 0m 0s)

